<?xml version="1.0" encoding="UTF-8"?>
<!-- Generated by org.testng.reporters.JUnitXMLReporter -->
<testsuite hostname="D1N9BZF2" name="Test 1" tests="1" failures="0" timestamp="17 Apr 2017 07:54:01 GMT" time="86.428" errors="0">
  <testcase name="@BeforeTest beforeTest" time="0.0" classname="com.stepdefinition.TestRunner1">
    <failure type="java.lang.IndexOutOfBoundsException" message="Index: 1, Size: 1">
      <![CDATA[java.lang.IndexOutOfBoundsException: Index: 1, Size: 1
	at java.util.ArrayList.rangeCheck(ArrayList.java:653)
	at java.util.ArrayList.get(ArrayList.java:429)
	at com.stepdefinition.TestRunner1.beforeTest(TestRunner1.java:29)
	at java.util.concurrent.FutureTask.run(FutureTask.java:266)
	at java.util.concurrent.ThreadPoolExecutor.runWorker(ThreadPoolExecutor.java:1142)
	at java.util.concurrent.ThreadPoolExecutor$Worker.run(ThreadPoolExecutor.java:617)
	at java.lang.Thread.run(Thread.java:745)
... Removed 14 stack frames]]>
    </failure>
  </testcase> <!-- @BeforeTest beforeTest -->
  <testcase name="@AfterTest afterTest" time="0.0" classname="com.stepdefinition.TestRunner1">
    <skipped/>
  </testcase> <!-- @AfterTest afterTest -->
  <testcase name="runCukes" time="0.004" classname="com.stepdefinition.TestRunner1">
    <skipped/>
  </testcase> <!-- runCukes -->
</testsuite> <!-- Test 1 -->
